[1.587s] DEBUG:colcon:Command line arguments: ['/usr/bin/colcon', 'build', '--packages-select', 'lightrover_ros']
[1.588s] DEBUG:colcon:Parsed command line arguments: Namespace(allow_overriding=[], ament_cmake_args=None, base_paths=['.'], build_base='build', catkin_cmake_args=None, catkin_skip_building_tests=False, cmake_args=None, cmake_clean_cache=False, cmake_clean_first=False, cmake_force_configure=False, cmake_target=None, cmake_target_skip_unavailable=False, continue_on_error=False, event_handlers=None, executor='parallel', ignore_user_meta=False, install_base='install', log_base=None, log_level=None, main=<bound method BuildVerb.main of <colcon_core.verb.build.BuildVerb object at 0xffffa21e9130>>, merge_install=False, metas=['./colcon.meta'], packages_above=None, packages_above_and_dependencies=None, packages_above_depth=None, packages_end=None, packages_ignore=None, packages_ignore_regex=None, packages_select=['lightrover_ros'], packages_select_build_failed=False, packages_select_by_dep=None, packages_select_regex=None, packages_select_test_failures=False, packages_skip=None, packages_skip_build_finished=False, packages_skip_by_dep=None, packages_skip_regex=None, packages_skip_test_passed=False, packages_skip_up_to=None, packages_start=None, packages_up_to=None, packages_up_to_regex=None, parallel_workers=4, paths=None, symlink_install=False, test_result_base=None, verb_extension=<colcon_core.verb.build.BuildVerb object at 0xffffa21e9130>, verb_name='build', verb_parser=<colcon_defaults.argument_parser.defaults.DefaultArgumentsDecorator object at 0xffffa21e9670>)
[1.639s] Level 1:colcon.colcon_core.package_discovery:discover_packages(colcon_meta) check parameters
[1.640s] Level 1:colcon.colcon_core.package_discovery:discover_packages(recursive) check parameters
[1.640s] Level 1:colcon.colcon_core.package_discovery:discover_packages(ignore) check parameters
[1.641s] Level 1:colcon.colcon_core.package_discovery:discover_packages(path) check parameters
[1.641s] Level 1:colcon.colcon_core.package_discovery:discover_packages(colcon_meta) discover
[1.642s] Level 1:colcon.colcon_core.package_discovery:discover_packages(recursive) discover
[1.643s] INFO:colcon.colcon_core.package_discovery:Crawling recursively for packages in '/home/vstone/ros2_ws/src/lightrover_ros/launch'
[1.645s] Level 1:colcon.colcon_core.package_identification:_identify(.) by extensions ['ignore', 'ignore_ament_install']
[1.646s] Level 1:colcon.colcon_core.package_identification:_identify(.) by extension 'ignore'
[1.647s] Level 1:colcon.colcon_core.package_identification:_identify(.) by extension 'ignore_ament_install'
[1.648s] Level 1:colcon.colcon_core.package_identification:_identify(.) by extensions ['colcon_pkg']
[1.649s] Level 1:colcon.colcon_core.package_identification:_identify(.) by extension 'colcon_pkg'
[1.650s] Level 1:colcon.colcon_core.package_identification:_identify(.) by extensions ['colcon_meta']
[1.651s] Level 1:colcon.colcon_core.package_identification:_identify(.) by extension 'colcon_meta'
[1.652s] Level 1:colcon.colcon_core.package_identification:_identify(.) by extensions ['ros']
[1.652s] Level 1:colcon.colcon_core.package_identification:_identify(.) by extension 'ros'
[1.776s] Level 1:colcon.colcon_core.package_identification:_identify(.) by extensions ['cmake', 'python']
[1.777s] Level 1:colcon.colcon_core.package_identification:_identify(.) by extension 'cmake'
[1.778s] Level 1:colcon.colcon_core.package_identification:_identify(.) by extension 'python'
[1.778s] Level 1:colcon.colcon_core.package_identification:_identify(.) by extensions ['python_setup_py']
[1.779s] Level 1:colcon.colcon_core.package_identification:_identify(.) by extension 'python_setup_py'
[1.780s] Level 1:colcon.colcon_core.package_identification:_identify(build) by extensions ['ignore', 'ignore_ament_install']
[1.781s] Level 1:colcon.colcon_core.package_identification:_identify(build) by extension 'ignore'
[1.782s] Level 1:colcon.colcon_core.package_identification:_identify(build) ignored
[1.783s] Level 1:colcon.colcon_core.package_identification:_identify(install) by extensions ['ignore', 'ignore_ament_install']
[1.784s] Level 1:colcon.colcon_core.package_identification:_identify(install) by extension 'ignore'
[1.785s] Level 1:colcon.colcon_core.package_identification:_identify(install) ignored
[1.786s] Level 1:colcon.colcon_core.package_identification:_identify(log) by extensions ['ignore', 'ignore_ament_install']
[1.787s] Level 1:colcon.colcon_core.package_identification:_identify(log) by extension 'ignore'
[1.787s] Level 1:colcon.colcon_core.package_identification:_identify(log) ignored
[1.788s] Level 1:colcon.colcon_core.package_discovery:discover_packages(recursive) using defaults
[1.788s] Level 1:colcon.colcon_core.package_discovery:discover_packages(ignore) discover
[1.789s] Level 1:colcon.colcon_core.package_discovery:discover_packages(ignore) using defaults
[1.789s] Level 1:colcon.colcon_core.package_discovery:discover_packages(path) discover
[1.789s] Level 1:colcon.colcon_core.package_discovery:discover_packages(path) using defaults
[1.795s] WARNING:colcon.colcon_core.package_selection:ignoring unknown package 'lightrover_ros' in --packages-select
[2.018s] INFO:colcon.colcon_core.executor:Executing jobs using 'parallel' executor
[2.039s] DEBUG:colcon.colcon_parallel_executor.executor.parallel:run_until_complete
[2.041s] DEBUG:colcon.colcon_parallel_executor.executor.parallel:closing loop
[2.042s] DEBUG:colcon.colcon_parallel_executor.executor.parallel:loop closed
[2.042s] DEBUG:colcon.colcon_parallel_executor.executor.parallel:run_until_complete finished with '0'
[2.043s] DEBUG:colcon.colcon_core.event_reactor:joining thread
[2.106s] INFO:colcon.colcon_core.plugin_system:Skipping extension 'colcon_notification.desktop_notification.terminal_notifier': Not used on non-Darwin systems
[2.108s] INFO:colcon.colcon_core.plugin_system:Skipping extension 'colcon_notification.desktop_notification.win32': Not used on non-Windows systems
[2.109s] INFO:colcon.colcon_notification.desktop_notification:Sending desktop notification using 'notify2'
[4.023s] DEBUG:colcon.colcon_core.event_reactor:joined thread
[4.086s] INFO:colcon.colcon_core.plugin_system:Skipping extension 'colcon_core.shell.bat': Not used on non-Windows systems
[4.091s] INFO:colcon.colcon_core.shell:Creating prefix script '/home/vstone/ros2_ws/src/lightrover_ros/launch/install/local_setup.ps1'
[4.111s] INFO:colcon.colcon_core.shell:Creating prefix util module '/home/vstone/ros2_ws/src/lightrover_ros/launch/install/_local_setup_util_ps1.py'
[4.134s] INFO:colcon.colcon_core.shell:Creating prefix chain script '/home/vstone/ros2_ws/src/lightrover_ros/launch/install/setup.ps1'
[4.150s] INFO:colcon.colcon_core.shell:Creating prefix script '/home/vstone/ros2_ws/src/lightrover_ros/launch/install/local_setup.sh'
[4.158s] INFO:colcon.colcon_core.shell:Creating prefix util module '/home/vstone/ros2_ws/src/lightrover_ros/launch/install/_local_setup_util_sh.py'
[4.165s] INFO:colcon.colcon_core.shell:Creating prefix chain script '/home/vstone/ros2_ws/src/lightrover_ros/launch/install/setup.sh'
[4.179s] INFO:colcon.colcon_core.shell:Creating prefix script '/home/vstone/ros2_ws/src/lightrover_ros/launch/install/local_setup.bash'
[4.185s] INFO:colcon.colcon_core.shell:Creating prefix chain script '/home/vstone/ros2_ws/src/lightrover_ros/launch/install/setup.bash'
[4.198s] INFO:colcon.colcon_core.shell:Creating prefix script '/home/vstone/ros2_ws/src/lightrover_ros/launch/install/local_setup.zsh'
[4.205s] INFO:colcon.colcon_core.shell:Creating prefix chain script '/home/vstone/ros2_ws/src/lightrover_ros/launch/install/setup.zsh'
